0 info it worked if it ends with ok
1 verbose cli [ '/usr/local/bin/node',
1 verbose cli   '/usr/local/bin/npm',
1 verbose cli   'install',
1 verbose cli   'android-sdk' ]
2 info using npm@2.15.5
3 info using node@v4.4.5
4 verbose install initial load of /Users/Inuwa/Documents/serious_stuff/HOW_TO/nativescript/checkout/package.json
5 verbose installManyTop reading scoped package data from /Users/Inuwa/Documents/serious_stuff/HOW_TO/nativescript/checkout/node_modules/babel-traverse/package.json
6 verbose installManyTop reading scoped package data from /Users/Inuwa/Documents/serious_stuff/HOW_TO/nativescript/checkout/node_modules/babel-types/package.json
7 verbose installManyTop reading scoped package data from /Users/Inuwa/Documents/serious_stuff/HOW_TO/nativescript/checkout/node_modules/babylon/package.json
8 verbose installManyTop reading scoped package data from /Users/Inuwa/Documents/serious_stuff/HOW_TO/nativescript/checkout/node_modules/filewalker/package.json
9 verbose installManyTop reading scoped package data from /Users/Inuwa/Documents/serious_stuff/HOW_TO/nativescript/checkout/node_modules/lazy/package.json
10 verbose installManyTop reading scoped package data from /Users/Inuwa/Documents/serious_stuff/HOW_TO/nativescript/checkout/node_modules/nativescript-dom/package.json
11 verbose installManyTop reading scoped package data from /Users/Inuwa/Documents/serious_stuff/HOW_TO/nativescript/checkout/node_modules/npm-debug.log/package.json
12 verbose installManyTop reading scoped package data from /Users/Inuwa/Documents/serious_stuff/HOW_TO/nativescript/checkout/node_modules/tns-core-modules/package.json
13 verbose installManyTop reading scoped package data from /Users/Inuwa/Documents/serious_stuff/HOW_TO/nativescript/checkout/node_modules/tns-core-modules-widgets/package.json
14 info package.json filewalker@0.1.2 No license field.
15 info package.json lazy@1.0.11 license should be a valid SPDX license expression
16 info package.json nativescript-dom@1.0.3 license should be a valid SPDX license expression
17 info package.json babel-traverse@6.8.0 No description
18 verbose readDependencies loading dependencies from /Users/Inuwa/Documents/serious_stuff/HOW_TO/nativescript/checkout/package.json
19 silly cache add args [ 'android-sdk', null ]
20 verbose cache add spec android-sdk
21 silly cache add parsed spec Result {
21 silly cache add   raw: 'android-sdk',
21 silly cache add   scope: null,
21 silly cache add   name: 'android-sdk',
21 silly cache add   rawSpec: '',
21 silly cache add   spec: 'latest',
21 silly cache add   type: 'tag' }
22 silly addNamed android-sdk@latest
23 verbose addNamed "latest" is being treated as a dist-tag for android-sdk
24 info addNameTag [ 'android-sdk', 'latest' ]
25 silly mapToRegistry name android-sdk
26 silly mapToRegistry using default registry
27 silly mapToRegistry registry https://registry.npmjs.org/
28 silly mapToRegistry data Result {
28 silly mapToRegistry   raw: 'android-sdk',
28 silly mapToRegistry   scope: null,
28 silly mapToRegistry   name: 'android-sdk',
28 silly mapToRegistry   rawSpec: '',
28 silly mapToRegistry   spec: 'latest',
28 silly mapToRegistry   type: 'tag' }
29 silly mapToRegistry uri https://registry.npmjs.org/android-sdk
30 verbose addNameTag registry:https://registry.npmjs.org/android-sdk not in flight; fetching
31 verbose request uri https://registry.npmjs.org/android-sdk
32 verbose request no auth needed
33 info attempt registry request try #1 at 5:41:42 PM
34 verbose request id fe95724f3ee63f88
35 http request GET https://registry.npmjs.org/android-sdk
36 http 404 https://registry.npmjs.org/android-sdk
37 verbose headers { 'content-type': 'application/json',
37 verbose headers   'cache-control': 'max-age=0',
37 verbose headers   'content-length': '2',
37 verbose headers   'accept-ranges': 'bytes',
37 verbose headers   date: 'Fri, 24 Jun 2016 16:34:06 GMT',
37 verbose headers   via: '1.1 varnish',
37 verbose headers   age: '0',
37 verbose headers   connection: 'keep-alive',
37 verbose headers   'x-served-by': 'cache-ams4433-AMS',
37 verbose headers   'x-cache': 'MISS',
37 verbose headers   'x-cache-hits': '0',
37 verbose headers   'x-timer': 'S1466786045.450479,VS0,VE690',
37 verbose headers   vary: 'Accept-Encoding' }
38 silly get cb [ 404,
38 silly get   { 'content-type': 'application/json',
38 silly get     'cache-control': 'max-age=0',
38 silly get     'content-length': '2',
38 silly get     'accept-ranges': 'bytes',
38 silly get     date: 'Fri, 24 Jun 2016 16:34:06 GMT',
38 silly get     via: '1.1 varnish',
38 silly get     age: '0',
38 silly get     connection: 'keep-alive',
38 silly get     'x-served-by': 'cache-ams4433-AMS',
38 silly get     'x-cache': 'MISS',
38 silly get     'x-cache-hits': '0',
38 silly get     'x-timer': 'S1466786045.450479,VS0,VE690',
38 silly get     vary: 'Accept-Encoding' } ]
39 verbose stack Error: Registry returned 404 for GET on https://registry.npmjs.org/android-sdk
39 verbose stack     at makeError (/usr/local/lib/node_modules/npm/node_modules/npm-registry-client/lib/request.js:264:12)
39 verbose stack     at CachingRegistryClient.<anonymous> (/usr/local/lib/node_modules/npm/node_modules/npm-registry-client/lib/request.js:242:14)
39 verbose stack     at Request._callback (/usr/local/lib/node_modules/npm/node_modules/npm-registry-client/lib/request.js:172:14)
39 verbose stack     at Request.self.callback (/usr/local/lib/node_modules/npm/node_modules/request/request.js:200:22)
39 verbose stack     at emitTwo (events.js:87:13)
39 verbose stack     at Request.emit (events.js:172:7)
39 verbose stack     at Request.<anonymous> (/usr/local/lib/node_modules/npm/node_modules/request/request.js:1067:10)
39 verbose stack     at emitOne (events.js:82:20)
39 verbose stack     at Request.emit (events.js:169:7)
39 verbose stack     at IncomingMessage.<anonymous> (/usr/local/lib/node_modules/npm/node_modules/request/request.js:988:12)
40 verbose statusCode 404
41 verbose pkgid android-sdk
42 verbose cwd /Users/Inuwa/Documents/serious_stuff/HOW_TO/nativescript/checkout
43 error Darwin 13.4.0
44 error argv "/usr/local/bin/node" "/usr/local/bin/npm" "install" "android-sdk"
45 error node v4.4.5
46 error npm  v2.15.5
47 error code E404
48 error 404 Registry returned 404 for GET on https://registry.npmjs.org/android-sdk
48 error 404
48 error 404 'android-sdk' is not in the npm registry.
48 error 404 You should bug the author to publish it (or use the name yourself!)
48 error 404
48 error 404 Note that you can also install from a
48 error 404 tarball, folder, http url, or git url.
49 verbose exit [ 1, true ]
